data: Received: $GNRMC,,V,,,,,,,,,,N,V*37
data: Received: $GNVTG,,,,,,,,,N*2E
data: Received: $GNGGA,,,,,,0,00,99.99,,,,,,*56
data: Received: $GNGSA,A,1,,,,,,,,,,,,,99.99,99.99,99.99,1*33
data: Received: $GNGSA,A,1,,,,,,,,,,,,,99.99,99.99,99.99,3*31
data: Received: $GNGSA,A,1,,,,,,,,,,,,,99.99,99.99,99.99,4*36
data: Received: $GNGSA,A,1,,,,,,,,,,,,,99.99,99.99,99.99,5*37
data: Received: $GPGSV,1,1,00,0*65
data: Received: $GAGSV,1,1,00,0*74
data: Received: $GBGSV,1,1,00,0*77
data: Received: $GQGSV,1,1,00,0*64
data: Received: $GNGLL,,,,,,V,N*7A
data: Received: $GNRMC,,V,,,,,,,,,,N,V*37
data: Received: $GNVTG,,,,,,,,,N*2E
data: El GPS no se ha posicionado. Muévase a un sitio más despejado.
data: El GPS no se ha posicionado. Muévase a un sitio más despejado.
data: El GPS no se ha posicionado. Muévase a un sitio más despejado.
data: El GPS no se ha posicionado. Muévase a un sitio más despejado.
data: El GPS no se ha posicionado. Muévase a un sitio más despejado.
data: El GPS no se ha posicionado. Muévase a un sitio más despejado.
data: El GPS no se ha posicionado. Muévase a un sitio más despejado.
data: El GPS no se ha posicionado. Muévase a un sitio más despejado.
data: El GPS no se ha posicionado. Muévase a un sitio más despejado.
data: El GPS no se ha posicionado. Muévase a un sitio más despejado.
data: El GPS no se ha posicionado. Muévase a un sitio más despejado.
data: El GPS no se ha posicionado. Muévase a un sitio más despejado.
data: El GPS no se ha posicionado. Muévase a un sitio más despejado.
data: El GPS no se ha posicionado. Muévase a un sitio más despejado.
data: El GPS no se ha posicionado. Muévase a un sitio más despejado.
data: El GPS no se ha posicionado. Muévase a un sitio más despejado.
data: El GPS no se ha posicionado. Muévase a un sitio más despejado.
data: El GPS no se ha posicionado. Muévase a un sitio más despejado.
data: El GPS no se ha posicionado. Muévase a un sitio más despejado.
data: El GPS no se ha posicionado. Muévase a un sitio más despejado.
data: El GPS no se ha posicionado. Muévase a un sitio más despejado.
data: El GPS no se ha posicionado. Muévase a un sitio más despejado.
data: El GPS no se ha posicionado. Muévase a un sitio más despejado.
data: El GPS no se ha posicionado. Muévase a un sitio más despejado.
data: El GPS no se ha posicionado. Muévase a un sitio más despejado.
data: El GPS no se ha posicionado. Muévase a un sitio más despejado.
data: El GPS no se ha posicionado. Muévase a un sitio más despejado.
data: El GPS no se ha posicionado. Muévase a un sitio más despejado.
data: El GPS no se ha posicionado. Muévase a un sitio más despejado.
data: El GPS no se ha posicionado. Muévase a un sitio más despejado.
data: El GPS no se ha posicionado. Muévase a un sitio más despejado.
data: El GPS no se ha posicionado. Muévase a un sitio más despejado.
data: El GPS no se ha posicionado. Muévase a un sitio más despejado.
data: El GPS no se ha posicionado. Muévase a un sitio más despejado.
data: El GPS no se ha posicionado. Muévase a un sitio más despejado.
data: El GPS no se ha posicionado. Muévase a un sitio más despejado.
data: El GPS no se ha posicionado. Muévase a un sitio más despejado.
data: El GPS no se ha posicionado. Muévase a un sitio más despejado.
data: El GPS no se ha posicionado. Muévase a un sitio más despejado.
data: El GPS no se ha posicionado. Muévase a un sitio más despejado.
data: El GPS no se ha posicionado. Muévase a un sitio más despejado.
data: El GPS no se ha posicionado. Muévase a un sitio más despejado.
data: El GPS no se ha posicionado. Muévase a un sitio más despejado.
data: El GPS no se ha posicionado. Muévase a un sitio más despejado.
data: El GPS no se ha posicionado. Muévase a un sitio más despejado.
data: El GPS no se ha posicionado. Muévase a un sitio más despejado.
data: El GPS no se ha posicionado. Muévase a un sitio más despejado.
data: El GPS no se ha posicionado. Muévase a un sitio más despejado.
data: El GPS no se ha posicionado. Muévase a un sitio más despejado.
data: El GPS no se ha posicionado. Muévase a un sitio más despejado.
data: El GPS no se ha posicionado. Muévase a un sitio más despejado.
data: El GPS no se ha posicionado. Muévase a un sitio más despejado.
data: El GPS no se ha posicionado. Muévase a un sitio más despejado.
data: El GPS no se ha posicionado. Muévase a un sitio más despejado.
data: El GPS no se ha posicionado. Muévase a un sitio más despejado.
data: El GPS no se ha posicionado. Muévase a un sitio más despejado.
data: El GPS no se ha posicionado. Muévase a un sitio más despejado.
data: El GPS no se ha posicionado. Muévase a un sitio más despejado.
data: El GPS no se ha posicionado. Muévase a un sitio más despejado.
data: El GPS no se ha posicionado. Muévase a un sitio más despejado.
data: El GPS no se ha posicionado. Muévase a un sitio más despejado.
data: El GPS no se ha posicionado. Muévase a un sitio más despejado.
data: El GPS no se ha posicionado. Muévase a un sitio más despejado.
data: El GPS no se ha posicionado. Muévase a un sitio más despejado.
data: El GPS no se ha posicionado. Muévase a un sitio más despejado.
data: El GPS no se ha posicionado. Muévase a un sitio más despejado.
data: El GPS no se ha posicionado. Muévase a un sitio más despejado.
data: El GPS no se ha posicionado. Muévase a un sitio más despejado.
data: El GPS no se ha posicionado. Muévase a un sitio más despejado.
data: El GPS no se ha posicionado. Muévase a un sitio más despejado.
data: El GPS no se ha posicionado. Muévase a un sitio más despejado.
data: El GPS no se ha posicionado. Muévase a un sitio más despejado.
data: El GPS no se ha posicionado. Muévase a un sitio más despejado.
data: El GPS no se ha posicionado. Muévase a un sitio más despejado.
data: El GPS no se ha posicionado. Muévase a un sitio más despejado.
data: El GPS no se ha posicionado. Muévase a un sitio más despejado.
data: El GPS no se ha posicionado. Muévase a un sitio más despejado.
data: El GPS no se ha posicionado. Muévase a un sitio más despejado.
data: El GPS no se ha posicionado. Muévase a un sitio más despejado.
data: El GPS no se ha posicionado. Muévase a un sitio más despejado.
data: El GPS no se ha posicionado. Muévase a un sitio más despejado.
data: El GPS no se ha posicionado. Muévase a un sitio más despejado.
data: El GPS no se ha posicionado. Muévase a un sitio más despejado.
data: El GPS no se ha posicionado. Muévase a un sitio más despejado.
data: El GPS no se ha posicionado. Muévase a un sitio más despejado.
data: El GPS no se ha posicionado. Muévase a un sitio más despejado.
data: El GPS no se ha posicionado. Muévase a un sitio más despejado.
data: El GPS no se ha posicionado. Muévase a un sitio más despejado.
data: El GPS no se ha posicionado. Muévase a un sitio más despejado.
data: El GPS no se ha posicionado. Muévase a un sitio más despejado.
data: El GPS no se ha posicionado. Muévase a un sitio más despejado.
data: El GPS no se ha posicionado. Muévase a un sitio más despejado.
data: El GPS no se ha posicionado. Muévase a un sitio más despejado.
data: El GPS no se ha posicionado. Muévase a un sitio más despejado.
data: El GPS no se ha posicionado. Muévase a un sitio más despejado.
data: El GPS no se ha posicionado. Muévase a un sitio más despejado.
data: El GPS no se ha posicionado. Muévase a un sitio más despejado.
data: El GPS no se ha posicionado. Muévase a un sitio más despejado.
data: El GPS no se ha posicionado. Muévase a un sitio más despejado.
data: El GPS no se ha posicionado. Muévase a un sitio más despejado.
data: El GPS no se ha posicionado. Muévase a un sitio más despejado.
data: El GPS no se ha posicionado. Muévase a un sitio más despejado.
data: El GPS no se ha posicionado. Muévase a un sitio más despejado.
data: El GPS no se ha posicionado. Muévase a un sitio más despejado.
data: El GPS no se ha posicionado. Muévase a un sitio más despejado.
data: El GPS no se ha posicionado. Muévase a un sitio más despejado.
data: El GPS no se ha posicionado. Muévase a un sitio más despejado.
data: El GPS no se ha posicionado. Muévase a un sitio más despejado.
data: El GPS no se ha posicionado. Muévase a un sitio más despejado.
data: El GPS no se ha posicionado. Muévase a un sitio más despejado.
data: El GPS no se ha posicionado. Muévase a un sitio más despejado.
data: El GPS no se ha posicionado. Muévase a un sitio más despejado.
data: El GPS no se ha posicionado. Muévase a un sitio más despejado.
data: El GPS no se ha posicionado. Muévase a un sitio más despejado.
data: El GPS no se ha posicionado. Muévase a un sitio más despejado.
